mode: set
github.com/numtide/multigres-operator/pkg/resource-handler/controller/shard/containers.go:40.116,42.38 2 1
github.com/numtide/multigres-operator/pkg/resource-handler/controller/shard/containers.go:42.38,44.3 1 1
github.com/numtide/multigres-operator/pkg/resource-handler/controller/shard/containers.go:46.2,60.3 1 1
github.com/numtide/multigres-operator/pkg/resource-handler/controller/shard/containers.go:66.117,68.41 2 1
github.com/numtide/multigres-operator/pkg/resource-handler/controller/shard/containers.go:68.41,70.3 1 1
github.com/numtide/multigres-operator/pkg/resource-handler/controller/shard/containers.go:72.2,78.3 1 1
github.com/numtide/multigres-operator/pkg/resource-handler/controller/shard/containers.go:83.80,97.2 2 1
github.com/numtide/multigres-operator/pkg/resource-handler/controller/shard/containers.go:100.79,109.2 2 1
github.com/numtide/multigres-operator/pkg/resource-handler/controller/shard/containers.go:112.40,119.2 1 1
github.com/numtide/multigres-operator/pkg/resource-handler/controller/shard/containers.go:122.102,127.2 1 1
github.com/numtide/multigres-operator/pkg/resource-handler/controller/shard/multiorch.go:29.31,60.79 5 1
github.com/numtide/multigres-operator/pkg/resource-handler/controller/shard/multiorch.go:60.79,62.3 1 1
github.com/numtide/multigres-operator/pkg/resource-handler/controller/shard/multiorch.go:64.2,64.24 1 1
github.com/numtide/multigres-operator/pkg/resource-handler/controller/shard/multiorch.go:71.28,88.72 4 1
github.com/numtide/multigres-operator/pkg/resource-handler/controller/shard/multiorch.go:88.72,90.3 1 1
github.com/numtide/multigres-operator/pkg/resource-handler/controller/shard/multiorch.go:92.2,92.17 1 1
github.com/numtide/multigres-operator/pkg/resource-handler/controller/shard/pool_service.go:27.28,45.72 4 1
github.com/numtide/multigres-operator/pkg/resource-handler/controller/shard/pool_service.go:45.72,47.3 1 1
github.com/numtide/multigres-operator/pkg/resource-handler/controller/shard/pool_service.go:49.2,49.17 1 1
github.com/numtide/multigres-operator/pkg/resource-handler/controller/shard/pool_service.go:54.98,55.21 1 1
github.com/numtide/multigres-operator/pkg/resource-handler/controller/shard/pool_service.go:55.21,57.3 1 1
github.com/numtide/multigres-operator/pkg/resource-handler/controller/shard/pool_service.go:58.2,58.56 1 1
github.com/numtide/multigres-operator/pkg/resource-handler/controller/shard/pool_service.go:67.21,69.20 2 1
github.com/numtide/multigres-operator/pkg/resource-handler/controller/shard/pool_service.go:69.20,71.3 1 1
github.com/numtide/multigres-operator/pkg/resource-handler/controller/shard/pool_service.go:73.2,73.76 1 1
github.com/numtide/multigres-operator/pkg/resource-handler/controller/shard/pool_statefulset.go:33.32,39.26 5 1
github.com/numtide/multigres-operator/pkg/resource-handler/controller/shard/pool_statefulset.go:39.26,41.3 1 1
github.com/numtide/multigres-operator/pkg/resource-handler/controller/shard/pool_statefulset.go:43.2,84.72 2 1
github.com/numtide/multigres-operator/pkg/resource-handler/controller/shard/pool_statefulset.go:84.72,86.3 1 1
github.com/numtide/multigres-operator/pkg/resource-handler/controller/shard/pool_statefulset.go:88.2,88.17 1 1
github.com/numtide/multigres-operator/pkg/resource-handler/controller/shard/pool_statefulset.go:93.105,102.32 2 1
github.com/numtide/multigres-operator/pkg/resource-handler/controller/shard/pool_statefulset.go:102.32,104.3 1 1
github.com/numtide/multigres-operator/pkg/resource-handler/controller/shard/pool_statefulset.go:106.2,106.44 1 1
github.com/numtide/multigres-operator/pkg/resource-handler/controller/shard/ports.go:27.62,45.2 1 1
github.com/numtide/multigres-operator/pkg/resource-handler/controller/shard/ports.go:49.59,70.2 1 1
github.com/numtide/multigres-operator/pkg/resource-handler/controller/shard/ports.go:74.60,87.2 1 1
github.com/numtide/multigres-operator/pkg/resource-handler/controller/shard/ports.go:91.56,106.2 1 1
github.com/numtide/multigres-operator/pkg/resource-handler/controller/shard/shard_controller.go:42.24,47.62 3 1
github.com/numtide/multigres-operator/pkg/resource-handler/controller/shard/shard_controller.go:47.62,48.29 1 1
github.com/numtide/multigres-operator/pkg/resource-handler/controller/shard/shard_controller.go:48.29,51.4 2 1
github.com/numtide/multigres-operator/pkg/resource-handler/controller/shard/shard_controller.go:52.3,53.28 2 1
github.com/numtide/multigres-operator/pkg/resource-handler/controller/shard/shard_controller.go:57.2,57.39 1 1
github.com/numtide/multigres-operator/pkg/resource-handler/controller/shard/shard_controller.go:57.39,59.3 1 1
github.com/numtide/multigres-operator/pkg/resource-handler/controller/shard/shard_controller.go:62.2,62.55 1 1
github.com/numtide/multigres-operator/pkg/resource-handler/controller/shard/shard_controller.go:62.55,64.46 2 1
github.com/numtide/multigres-operator/pkg/resource-handler/controller/shard/shard_controller.go:64.46,67.4 2 1
github.com/numtide/multigres-operator/pkg/resource-handler/controller/shard/shard_controller.go:71.2,71.67 1 1
github.com/numtide/multigres-operator/pkg/resource-handler/controller/shard/shard_controller.go:71.67,74.3 2 1
github.com/numtide/multigres-operator/pkg/resource-handler/controller/shard/shard_controller.go:77.2,77.64 1 1
github.com/numtide/multigres-operator/pkg/resource-handler/controller/shard/shard_controller.go:77.64,80.3 2 1
github.com/numtide/multigres-operator/pkg/resource-handler/controller/shard/shard_controller.go:83.2,83.40 1 1
github.com/numtide/multigres-operator/pkg/resource-handler/controller/shard/shard_controller.go:83.40,84.62 1 1
github.com/numtide/multigres-operator/pkg/resource-handler/controller/shard/shard_controller.go:84.62,87.4 2 1
github.com/numtide/multigres-operator/pkg/resource-handler/controller/shard/shard_controller.go:91.2,91.51 1 1
github.com/numtide/multigres-operator/pkg/resource-handler/controller/shard/shard_controller.go:91.51,94.3 2 1
github.com/numtide/multigres-operator/pkg/resource-handler/controller/shard/shard_controller.go:96.2,96.27 1 1
github.com/numtide/multigres-operator/pkg/resource-handler/controller/shard/shard_controller.go:103.24,106.54 2 1
github.com/numtide/multigres-operator/pkg/resource-handler/controller/shard/shard_controller.go:106.54,111.78 1 1
github.com/numtide/multigres-operator/pkg/resource-handler/controller/shard/shard_controller.go:111.78,113.4 1 1
github.com/numtide/multigres-operator/pkg/resource-handler/controller/shard/shard_controller.go:114.3,114.46 1 1
github.com/numtide/multigres-operator/pkg/resource-handler/controller/shard/shard_controller.go:114.46,117.4 2 1
github.com/numtide/multigres-operator/pkg/resource-handler/controller/shard/shard_controller.go:120.2,120.27 1 1
github.com/numtide/multigres-operator/pkg/resource-handler/controller/shard/shard_controller.go:127.9,129.16 2 1
github.com/numtide/multigres-operator/pkg/resource-handler/controller/shard/shard_controller.go:129.16,131.3 1 0
github.com/numtide/multigres-operator/pkg/resource-handler/controller/shard/shard_controller.go:133.2,139.16 3 1
github.com/numtide/multigres-operator/pkg/resource-handler/controller/shard/shard_controller.go:139.16,140.29 1 1
github.com/numtide/multigres-operator/pkg/resource-handler/controller/shard/shard_controller.go:140.29,142.49 1 1
github.com/numtide/multigres-operator/pkg/resource-handler/controller/shard/shard_controller.go:142.49,144.5 1 1
github.com/numtide/multigres-operator/pkg/resource-handler/controller/shard/shard_controller.go:145.4,145.14 1 1
github.com/numtide/multigres-operator/pkg/resource-handler/controller/shard/shard_controller.go:147.3,147.67 1 1
github.com/numtide/multigres-operator/pkg/resource-handler/controller/shard/shard_controller.go:151.2,153.48 3 1
github.com/numtide/multigres-operator/pkg/resource-handler/controller/shard/shard_controller.go:153.48,155.3 1 1
github.com/numtide/multigres-operator/pkg/resource-handler/controller/shard/shard_controller.go:157.2,157.12 1 1
github.com/numtide/multigres-operator/pkg/resource-handler/controller/shard/shard_controller.go:164.9,166.16 2 1
github.com/numtide/multigres-operator/pkg/resource-handler/controller/shard/shard_controller.go:166.16,168.3 1 0
github.com/numtide/multigres-operator/pkg/resource-handler/controller/shard/shard_controller.go:170.2,176.16 3 1
github.com/numtide/multigres-operator/pkg/resource-handler/controller/shard/shard_controller.go:176.16,177.29 1 1
github.com/numtide/multigres-operator/pkg/resource-handler/controller/shard/shard_controller.go:177.29,179.49 1 1
github.com/numtide/multigres-operator/pkg/resource-handler/controller/shard/shard_controller.go:179.49,181.5 1 1
github.com/numtide/multigres-operator/pkg/resource-handler/controller/shard/shard_controller.go:182.4,182.14 1 1
github.com/numtide/multigres-operator/pkg/resource-handler/controller/shard/shard_controller.go:184.3,184.64 1 0
github.com/numtide/multigres-operator/pkg/resource-handler/controller/shard/shard_controller.go:188.2,191.48 4 1
github.com/numtide/multigres-operator/pkg/resource-handler/controller/shard/shard_controller.go:191.48,193.3 1 1
github.com/numtide/multigres-operator/pkg/resource-handler/controller/shard/shard_controller.go:195.2,195.12 1 1
github.com/numtide/multigres-operator/pkg/resource-handler/controller/shard/shard_controller.go:204.9,206.80 1 1
github.com/numtide/multigres-operator/pkg/resource-handler/controller/shard/shard_controller.go:206.80,208.3 1 1
github.com/numtide/multigres-operator/pkg/resource-handler/controller/shard/shard_controller.go:211.2,211.84 1 1
github.com/numtide/multigres-operator/pkg/resource-handler/controller/shard/shard_controller.go:211.84,213.3 1 1
github.com/numtide/multigres-operator/pkg/resource-handler/controller/shard/shard_controller.go:215.2,215.12 1 1
github.com/numtide/multigres-operator/pkg/resource-handler/controller/shard/shard_controller.go:224.9,226.16 2 1
github.com/numtide/multigres-operator/pkg/resource-handler/controller/shard/shard_controller.go:226.16,228.3 1 0
github.com/numtide/multigres-operator/pkg/resource-handler/controller/shard/shard_controller.go:230.2,236.16 3 1
github.com/numtide/multigres-operator/pkg/resource-handler/controller/shard/shard_controller.go:236.16,237.29 1 1
github.com/numtide/multigres-operator/pkg/resource-handler/controller/shard/shard_controller.go:237.29,239.49 1 1
github.com/numtide/multigres-operator/pkg/resource-handler/controller/shard/shard_controller.go:239.49,241.5 1 1
github.com/numtide/multigres-operator/pkg/resource-handler/controller/shard/shard_controller.go:242.4,242.14 1 1
github.com/numtide/multigres-operator/pkg/resource-handler/controller/shard/shard_controller.go:244.3,244.63 1 1
github.com/numtide/multigres-operator/pkg/resource-handler/controller/shard/shard_controller.go:248.2,250.48 3 1
github.com/numtide/multigres-operator/pkg/resource-handler/controller/shard/shard_controller.go:250.48,252.3 1 1
github.com/numtide/multigres-operator/pkg/resource-handler/controller/shard/shard_controller.go:254.2,254.12 1 1
github.com/numtide/multigres-operator/pkg/resource-handler/controller/shard/shard_controller.go:263.9,265.16 2 1
github.com/numtide/multigres-operator/pkg/resource-handler/controller/shard/shard_controller.go:265.16,267.3 1 0
github.com/numtide/multigres-operator/pkg/resource-handler/controller/shard/shard_controller.go:269.2,275.16 3 1
github.com/numtide/multigres-operator/pkg/resource-handler/controller/shard/shard_controller.go:275.16,276.29 1 1
github.com/numtide/multigres-operator/pkg/resource-handler/controller/shard/shard_controller.go:276.29,278.49 1 1
github.com/numtide/multigres-operator/pkg/resource-handler/controller/shard/shard_controller.go:278.49,280.5 1 1
github.com/numtide/multigres-operator/pkg/resource-handler/controller/shard/shard_controller.go:281.4,281.14 1 1
github.com/numtide/multigres-operator/pkg/resource-handler/controller/shard/shard_controller.go:283.3,283.68 1 1
github.com/numtide/multigres-operator/pkg/resource-handler/controller/shard/shard_controller.go:287.2,290.48 4 1
github.com/numtide/multigres-operator/pkg/resource-handler/controller/shard/shard_controller.go:290.48,292.3 1 1
github.com/numtide/multigres-operator/pkg/resource-handler/controller/shard/shard_controller.go:294.2,294.12 1 1
github.com/numtide/multigres-operator/pkg/resource-handler/controller/shard/shard_controller.go:301.9,305.40 2 1
github.com/numtide/multigres-operator/pkg/resource-handler/controller/shard/shard_controller.go:305.40,313.17 4 1
github.com/numtide/multigres-operator/pkg/resource-handler/controller/shard/shard_controller.go:313.17,314.30 1 1
github.com/numtide/multigres-operator/pkg/resource-handler/controller/shard/shard_controller.go:314.30,316.13 1 0
github.com/numtide/multigres-operator/pkg/resource-handler/controller/shard/shard_controller.go:318.4,318.75 1 1
github.com/numtide/multigres-operator/pkg/resource-handler/controller/shard/shard_controller.go:321.3,322.40 2 1
github.com/numtide/multigres-operator/pkg/resource-handler/controller/shard/shard_controller.go:326.2,333.54 5 1
github.com/numtide/multigres-operator/pkg/resource-handler/controller/shard/shard_controller.go:333.54,335.3 1 1
github.com/numtide/multigres-operator/pkg/resource-handler/controller/shard/shard_controller.go:337.2,337.12 1 1
github.com/numtide/multigres-operator/pkg/resource-handler/controller/shard/shard_controller.go:344.22,354.45 3 1
github.com/numtide/multigres-operator/pkg/resource-handler/controller/shard/shard_controller.go:354.45,358.3 3 1
github.com/numtide/multigres-operator/pkg/resource-handler/controller/shard/shard_controller.go:358.8,362.3 3 1
github.com/numtide/multigres-operator/pkg/resource-handler/controller/shard/shard_controller.go:364.2,365.19 2 1
github.com/numtide/multigres-operator/pkg/resource-handler/controller/shard/shard_controller.go:369.96,371.19 2 0
github.com/numtide/multigres-operator/pkg/resource-handler/controller/shard/shard_controller.go:371.19,373.3 1 0
github.com/numtide/multigres-operator/pkg/resource-handler/controller/shard/shard_controller.go:375.2,381.14 1 0
