mode: set
github.com/numtide/multigres-operator/pkg/testutil/compare.go:17.44,51.2 1 1
github.com/numtide/multigres-operator/pkg/testutil/compare.go:55.46,71.2 1 1
github.com/numtide/multigres-operator/pkg/testutil/compare.go:75.50,93.2 1 1
github.com/numtide/multigres-operator/pkg/testutil/compare.go:97.49,111.2 1 1
github.com/numtide/multigres-operator/pkg/testutil/compare.go:116.41,133.2 1 1
github.com/numtide/multigres-operator/pkg/testutil/compare.go:138.57,155.2 1 1
github.com/numtide/multigres-operator/pkg/testutil/compare.go:159.49,167.2 1 1
github.com/numtide/multigres-operator/pkg/testutil/compare.go:171.48,179.2 1 1
github.com/numtide/multigres-operator/pkg/testutil/compare.go:183.62,184.31 1 1
github.com/numtide/multigres-operator/pkg/testutil/compare.go:184.31,186.18 1 1
github.com/numtide/multigres-operator/pkg/testutil/compare.go:186.18,188.4 1 1
github.com/numtide/multigres-operator/pkg/testutil/compare.go:189.3,189.50 1 1
github.com/numtide/multigres-operator/pkg/testutil/compare.go:189.50,191.4 1 1
github.com/numtide/multigres-operator/pkg/testutil/compare.go:192.3,192.15 1 1
github.com/numtide/multigres-operator/pkg/testutil/compare.go:199.46,201.2 1 1
github.com/numtide/multigres-operator/pkg/testutil/compare.go:207.32,209.2 1 1
github.com/numtide/multigres-operator/pkg/testutil/compare.go:213.35,218.2 1 1
github.com/numtide/multigres-operator/pkg/testutil/compare.go:222.36,227.2 1 1
github.com/numtide/multigres-operator/pkg/testutil/envtest.go:29.37,30.34 1 1
github.com/numtide/multigres-operator/pkg/testutil/envtest.go:30.34,32.3 1 1
github.com/numtide/multigres-operator/pkg/testutil/envtest.go:36.50,37.34 1 1
github.com/numtide/multigres-operator/pkg/testutil/envtest.go:37.34,39.3 1 1
github.com/numtide/multigres-operator/pkg/testutil/envtest.go:57.99,59.2 1 1
github.com/numtide/multigres-operator/pkg/testutil/envtest.go:62.66,67.16 2 1
github.com/numtide/multigres-operator/pkg/testutil/envtest.go:67.16,69.3 1 1
github.com/numtide/multigres-operator/pkg/testutil/envtest.go:70.2,71.16 2 1
github.com/numtide/multigres-operator/pkg/testutil/envtest.go:71.16,73.3 1 1
github.com/numtide/multigres-operator/pkg/testutil/envtest.go:74.2,74.16 1 1
github.com/numtide/multigres-operator/pkg/testutil/envtest.go:87.69,93.27 3 1
github.com/numtide/multigres-operator/pkg/testutil/envtest.go:93.27,95.3 1 1
github.com/numtide/multigres-operator/pkg/testutil/envtest.go:97.2,101.28 3 1
github.com/numtide/multigres-operator/pkg/testutil/envtest.go:101.28,104.70 2 1
github.com/numtide/multigres-operator/pkg/testutil/envtest.go:104.70,106.4 1 1
github.com/numtide/multigres-operator/pkg/testutil/envtest.go:107.3,107.20 1 1
github.com/numtide/multigres-operator/pkg/testutil/envtest.go:107.20,110.4 2 1
github.com/numtide/multigres-operator/pkg/testutil/envtest.go:111.3,111.17 1 1
github.com/numtide/multigres-operator/pkg/testutil/envtest.go:115.2,117.16 2 1
github.com/numtide/multigres-operator/pkg/testutil/envtest.go:148.88,152.16 3 1
github.com/numtide/multigres-operator/pkg/testutil/envtest.go:152.16,154.3 1 1
github.com/numtide/multigres-operator/pkg/testutil/envtest.go:156.2,156.18 1 1
github.com/numtide/multigres-operator/pkg/testutil/envtest.go:175.91,191.16 3 1
github.com/numtide/multigres-operator/pkg/testutil/envtest.go:191.16,193.3 1 1
github.com/numtide/multigres-operator/pkg/testutil/envtest.go:195.2,195.12 1 1
github.com/numtide/multigres-operator/pkg/testutil/envtest.go:206.54,210.2 2 1
github.com/numtide/multigres-operator/pkg/testutil/envtest.go:216.91,221.12 3 1
github.com/numtide/multigres-operator/pkg/testutil/envtest.go:221.12,223.40 2 1
github.com/numtide/multigres-operator/pkg/testutil/envtest.go:223.40,225.4 1 1
github.com/numtide/multigres-operator/pkg/testutil/envtest.go:229.2,229.43 1 1
github.com/numtide/multigres-operator/pkg/testutil/envtest.go:229.43,231.3 1 1
github.com/numtide/multigres-operator/pkg/testutil/envtest.go:233.2,233.13 1 1
github.com/numtide/multigres-operator/pkg/testutil/envtest.go:254.80,262.2 5 1
github.com/numtide/multigres-operator/pkg/testutil/envtest.go:266.85,279.2 3 1
github.com/numtide/multigres-operator/pkg/testutil/envtest.go:281.76,285.16 3 1
github.com/numtide/multigres-operator/pkg/testutil/envtest.go:285.16,287.3 1 1
github.com/numtide/multigres-operator/pkg/testutil/envtest.go:289.2,289.12 1 1
github.com/numtide/multigres-operator/pkg/testutil/envtest.go:296.64,299.16 2 1
github.com/numtide/multigres-operator/pkg/testutil/envtest.go:299.16,300.40 1 1
github.com/numtide/multigres-operator/pkg/testutil/envtest.go:300.40,302.4 1 1
github.com/numtide/multigres-operator/pkg/testutil/envtest.go:313.60,318.16 3 1
github.com/numtide/multigres-operator/pkg/testutil/envtest.go:318.16,320.3 1 1
github.com/numtide/multigres-operator/pkg/testutil/envtest.go:322.2,322.12 1 1
github.com/numtide/multigres-operator/pkg/testutil/envtest.go:327.82,330.72 2 1
github.com/numtide/multigres-operator/pkg/testutil/envtest.go:330.72,332.3 1 1
github.com/numtide/multigres-operator/pkg/testutil/envtest.go:337.88,341.16 3 1
github.com/numtide/multigres-operator/pkg/testutil/envtest.go:341.16,343.3 1 1
github.com/numtide/multigres-operator/pkg/testutil/envtest.go:346.2,350.23 4 1
github.com/numtide/multigres-operator/pkg/testutil/fake_client.go:51.95,52.19 1 1
github.com/numtide/multigres-operator/pkg/testutil/fake_client.go:52.19,54.3 1 1
github.com/numtide/multigres-operator/pkg/testutil/fake_client.go:55.2,58.3 1 1
github.com/numtide/multigres-operator/pkg/testutil/fake_client.go:66.9,67.27 1 1
github.com/numtide/multigres-operator/pkg/testutil/fake_client.go:67.27,68.45 1 1
github.com/numtide/multigres-operator/pkg/testutil/fake_client.go:68.45,70.4 1 1
github.com/numtide/multigres-operator/pkg/testutil/fake_client.go:72.2,72.45 1 1
github.com/numtide/multigres-operator/pkg/testutil/fake_client.go:79.9,80.28 1 1
github.com/numtide/multigres-operator/pkg/testutil/fake_client.go:80.28,81.47 1 1
github.com/numtide/multigres-operator/pkg/testutil/fake_client.go:81.47,83.4 1 1
github.com/numtide/multigres-operator/pkg/testutil/fake_client.go:85.2,85.42 1 1
github.com/numtide/multigres-operator/pkg/testutil/fake_client.go:92.9,93.30 1 1
github.com/numtide/multigres-operator/pkg/testutil/fake_client.go:93.30,94.48 1 1
github.com/numtide/multigres-operator/pkg/testutil/fake_client.go:94.48,96.4 1 1
github.com/numtide/multigres-operator/pkg/testutil/fake_client.go:98.2,98.43 1 1
github.com/numtide/multigres-operator/pkg/testutil/fake_client.go:105.9,106.30 1 1
github.com/numtide/multigres-operator/pkg/testutil/fake_client.go:106.30,107.48 1 1
github.com/numtide/multigres-operator/pkg/testutil/fake_client.go:107.48,109.4 1 1
github.com/numtide/multigres-operator/pkg/testutil/fake_client.go:111.2,111.43 1 1
github.com/numtide/multigres-operator/pkg/testutil/fake_client.go:119.9,120.29 1 1
github.com/numtide/multigres-operator/pkg/testutil/fake_client.go:120.29,121.47 1 1
github.com/numtide/multigres-operator/pkg/testutil/fake_client.go:121.47,123.4 1 1
github.com/numtide/multigres-operator/pkg/testutil/fake_client.go:125.2,125.49 1 1
github.com/numtide/multigres-operator/pkg/testutil/fake_client.go:132.9,133.30 1 1
github.com/numtide/multigres-operator/pkg/testutil/fake_client.go:133.30,134.48 1 1
github.com/numtide/multigres-operator/pkg/testutil/fake_client.go:134.48,136.4 1 1
github.com/numtide/multigres-operator/pkg/testutil/fake_client.go:138.2,138.43 1 1
github.com/numtide/multigres-operator/pkg/testutil/fake_client.go:145.9,146.35 1 1
github.com/numtide/multigres-operator/pkg/testutil/fake_client.go:146.35,147.53 1 1
github.com/numtide/multigres-operator/pkg/testutil/fake_client.go:147.53,149.4 1 1
github.com/numtide/multigres-operator/pkg/testutil/fake_client.go:151.2,151.48 1 1
github.com/numtide/multigres-operator/pkg/testutil/fake_client.go:154.63,159.2 1 1
github.com/numtide/multigres-operator/pkg/testutil/fake_client.go:170.9,171.36 1 1
github.com/numtide/multigres-operator/pkg/testutil/fake_client.go:171.36,172.54 1 1
github.com/numtide/multigres-operator/pkg/testutil/fake_client.go:172.54,174.4 1 1
github.com/numtide/multigres-operator/pkg/testutil/fake_client.go:176.2,176.49 1 1
github.com/numtide/multigres-operator/pkg/testutil/fake_client.go:184.9,185.35 1 1
github.com/numtide/multigres-operator/pkg/testutil/fake_client.go:185.35,186.53 1 1
github.com/numtide/multigres-operator/pkg/testutil/fake_client.go:186.53,188.4 1 1
github.com/numtide/multigres-operator/pkg/testutil/fake_client.go:190.2,190.55 1 1
github.com/numtide/multigres-operator/pkg/testutil/fake_client.go:196.73,197.39 1 1
github.com/numtide/multigres-operator/pkg/testutil/fake_client.go:197.39,199.21 2 1
github.com/numtide/multigres-operator/pkg/testutil/fake_client.go:199.21,200.59 1 1
github.com/numtide/multigres-operator/pkg/testutil/fake_client.go:202.3,202.33 1 1
github.com/numtide/multigres-operator/pkg/testutil/fake_client.go:202.33,204.4 1 1
github.com/numtide/multigres-operator/pkg/testutil/fake_client.go:205.3,205.13 1 1
github.com/numtide/multigres-operator/pkg/testutil/fake_client.go:210.73,211.42 1 1
github.com/numtide/multigres-operator/pkg/testutil/fake_client.go:211.42,212.23 1 1
github.com/numtide/multigres-operator/pkg/testutil/fake_client.go:212.23,214.4 1 1
github.com/numtide/multigres-operator/pkg/testutil/fake_client.go:215.3,215.13 1 1
github.com/numtide/multigres-operator/pkg/testutil/fake_client.go:220.94,221.42 1 1
github.com/numtide/multigres-operator/pkg/testutil/fake_client.go:221.42,222.53 1 1
github.com/numtide/multigres-operator/pkg/testutil/fake_client.go:222.53,224.4 1 1
github.com/numtide/multigres-operator/pkg/testutil/fake_client.go:225.3,225.13 1 1
github.com/numtide/multigres-operator/pkg/testutil/fake_client.go:230.77,231.39 1 1
github.com/numtide/multigres-operator/pkg/testutil/fake_client.go:231.39,233.21 2 1
github.com/numtide/multigres-operator/pkg/testutil/fake_client.go:233.21,234.59 1 1
github.com/numtide/multigres-operator/pkg/testutil/fake_client.go:236.3,236.43 1 1
github.com/numtide/multigres-operator/pkg/testutil/fake_client.go:236.43,238.4 1 1
github.com/numtide/multigres-operator/pkg/testutil/fake_client.go:239.3,239.13 1 1
github.com/numtide/multigres-operator/pkg/testutil/fake_client.go:244.44,245.33 1 1
github.com/numtide/multigres-operator/pkg/testutil/fake_client.go:245.33,247.3 1 1
github.com/numtide/multigres-operator/pkg/testutil/fake_client.go:252.72,254.38 2 1
github.com/numtide/multigres-operator/pkg/testutil/fake_client.go:254.38,256.16 2 1
github.com/numtide/multigres-operator/pkg/testutil/fake_client.go:256.16,258.4 1 1
github.com/numtide/multigres-operator/pkg/testutil/fake_client.go:259.3,259.13 1 1
github.com/numtide/multigres-operator/pkg/testutil/fake_client.go:265.69,267.35 2 1
github.com/numtide/multigres-operator/pkg/testutil/fake_client.go:267.35,269.16 2 1
github.com/numtide/multigres-operator/pkg/testutil/fake_client.go:269.16,271.4 1 1
github.com/numtide/multigres-operator/pkg/testutil/fake_client.go:272.3,272.13 1 1
github.com/numtide/multigres-operator/pkg/testutil/fake_client.go:278.77,280.39 2 1
github.com/numtide/multigres-operator/pkg/testutil/fake_client.go:280.39,282.16 2 1
github.com/numtide/multigres-operator/pkg/testutil/fake_client.go:282.16,284.4 1 1
github.com/numtide/multigres-operator/pkg/testutil/fake_client.go:285.3,285.13 1 1
github.com/numtide/multigres-operator/pkg/testutil/resource_watcher.go:38.44,43.2 1 1
github.com/numtide/multigres-operator/pkg/testutil/resource_watcher.go:88.54,89.35 1 1
github.com/numtide/multigres-operator/pkg/testutil/resource_watcher.go:89.35,91.3 1 1
github.com/numtide/multigres-operator/pkg/testutil/resource_watcher.go:96.48,97.35 1 1
github.com/numtide/multigres-operator/pkg/testutil/resource_watcher.go:97.35,99.3 1 1
github.com/numtide/multigres-operator/pkg/testutil/resource_watcher.go:104.45,105.35 1 1
github.com/numtide/multigres-operator/pkg/testutil/resource_watcher.go:105.35,107.3 1 1
github.com/numtide/multigres-operator/pkg/testutil/resource_watcher.go:117.20,128.25 3 1
github.com/numtide/multigres-operator/pkg/testutil/resource_watcher.go:128.25,130.3 1 1
github.com/numtide/multigres-operator/pkg/testutil/resource_watcher.go:133.2,141.45 5 1
github.com/numtide/multigres-operator/pkg/testutil/resource_watcher.go:141.45,143.3 1 1
github.com/numtide/multigres-operator/pkg/testutil/resource_watcher.go:145.2,145.16 1 1
github.com/numtide/multigres-operator/pkg/testutil/resource_watcher.go:150.62,153.2 2 1
github.com/numtide/multigres-operator/pkg/testutil/resource_watcher.go:156.43,159.2 2 1
github.com/numtide/multigres-operator/pkg/testutil/resource_watcher.go:163.59,166.2 2 1
github.com/numtide/multigres-operator/pkg/testutil/resource_watcher.go:169.43,172.2 2 1
github.com/numtide/multigres-operator/pkg/testutil/resource_watcher.go:179.53,185.2 4 1
github.com/numtide/multigres-operator/pkg/testutil/resource_watcher.go:192.59,195.2 2 1
github.com/numtide/multigres-operator/pkg/testutil/resource_watcher.go:202.65,209.32 5 1
github.com/numtide/multigres-operator/pkg/testutil/resource_watcher.go:209.32,210.23 1 1
github.com/numtide/multigres-operator/pkg/testutil/resource_watcher.go:210.23,212.4 1 1
github.com/numtide/multigres-operator/pkg/testutil/resource_watcher.go:214.2,214.17 1 1
github.com/numtide/multigres-operator/pkg/testutil/resource_watcher.go:222.65,229.32 5 1
github.com/numtide/multigres-operator/pkg/testutil/resource_watcher.go:229.32,230.23 1 1
github.com/numtide/multigres-operator/pkg/testutil/resource_watcher.go:230.23,232.4 1 1
github.com/numtide/multigres-operator/pkg/testutil/resource_watcher.go:234.2,234.17 1 1
github.com/numtide/multigres-operator/pkg/testutil/resource_watcher.go:238.40,244.2 4 1
github.com/numtide/multigres-operator/pkg/testutil/resource_watcher.go:247.59,258.2 6 1
github.com/numtide/multigres-operator/pkg/testutil/resource_watcher.go:261.66,268.27 4 1
github.com/numtide/multigres-operator/pkg/testutil/resource_watcher.go:268.27,270.3 1 1
github.com/numtide/multigres-operator/pkg/testutil/resource_watcher.go:272.2,272.36 1 1
github.com/numtide/multigres-operator/pkg/testutil/resource_watcher.go:272.36,273.18 1 1
github.com/numtide/multigres-operator/pkg/testutil/resource_watcher.go:273.18,277.4 3 1
github.com/numtide/multigres-operator/pkg/testutil/resource_watcher.go:282.44,286.37 2 1
github.com/numtide/multigres-operator/pkg/testutil/resource_watcher.go:286.37,288.3 1 1
github.com/numtide/multigres-operator/pkg/testutil/resource_watcher.go:291.2,292.28 2 1
github.com/numtide/multigres-operator/pkg/testutil/resource_watcher_cache.go:16.95,22.43 4 1
github.com/numtide/multigres-operator/pkg/testutil/resource_watcher_cache.go:22.43,23.30 1 1
github.com/numtide/multigres-operator/pkg/testutil/resource_watcher_cache.go:23.30,26.4 2 1
github.com/numtide/multigres-operator/pkg/testutil/resource_watcher_cache.go:28.2,28.12 1 1
github.com/numtide/multigres-operator/pkg/testutil/resource_watcher_cache.go:34.81,41.57 5 1
github.com/numtide/multigres-operator/pkg/testutil/resource_watcher_cache.go:41.57,42.23 1 1
github.com/numtide/multigres-operator/pkg/testutil/resource_watcher_cache.go:42.23,44.4 1 1
github.com/numtide/multigres-operator/pkg/testutil/resource_watcher_cache.go:45.3,45.37 1 1
github.com/numtide/multigres-operator/pkg/testutil/resource_watcher_cache.go:45.37,47.4 1 1
github.com/numtide/multigres-operator/pkg/testutil/resource_watcher_cache.go:48.3,48.52 1 1
github.com/numtide/multigres-operator/pkg/testutil/resource_watcher_cache.go:48.52,50.4 1 1
github.com/numtide/multigres-operator/pkg/testutil/resource_watcher_cache.go:51.3,51.14 1 1
github.com/numtide/multigres-operator/pkg/testutil/resource_watcher_cache.go:60.18,64.22 3 1
github.com/numtide/multigres-operator/pkg/testutil/resource_watcher_cache.go:64.22,66.3 1 1
github.com/numtide/multigres-operator/pkg/testutil/resource_watcher_cache.go:68.2,69.16 2 1
github.com/numtide/multigres-operator/pkg/testutil/resource_watcher_cache.go:69.16,77.3 2 1
github.com/numtide/multigres-operator/pkg/testutil/resource_watcher_cache.go:79.2,79.20 1 1
github.com/numtide/multigres-operator/pkg/testutil/resource_watcher_deletion.go:25.31,31.2 5 1
github.com/numtide/multigres-operator/pkg/testutil/resource_watcher_deletion.go:51.73,54.20 2 1
github.com/numtide/multigres-operator/pkg/testutil/resource_watcher_deletion.go:54.20,56.3 1 1
github.com/numtide/multigres-operator/pkg/testutil/resource_watcher_deletion.go:58.2,60.27 2 1
github.com/numtide/multigres-operator/pkg/testutil/resource_watcher_deletion.go:60.27,61.65 1 1
github.com/numtide/multigres-operator/pkg/testutil/resource_watcher_deletion.go:61.65,63.4 1 1
github.com/numtide/multigres-operator/pkg/testutil/resource_watcher_deletion.go:66.2,66.12 1 1
github.com/numtide/multigres-operator/pkg/testutil/resource_watcher_deletion.go:70.95,78.58 5 1
github.com/numtide/multigres-operator/pkg/testutil/resource_watcher_deletion.go:78.58,80.3 1 1
github.com/numtide/multigres-operator/pkg/testutil/resource_watcher_deletion.go:80.17,83.3 2 1
github.com/numtide/multigres-operator/pkg/testutil/resource_watcher_deletion.go:86.2,90.44 3 1
github.com/numtide/multigres-operator/pkg/testutil/resource_watcher_deletion.go:90.44,91.73 1 1
github.com/numtide/multigres-operator/pkg/testutil/resource_watcher_deletion.go:91.73,93.4 1 1
github.com/numtide/multigres-operator/pkg/testutil/resource_watcher_deletion.go:94.3,94.28 1 1
github.com/numtide/multigres-operator/pkg/testutil/resource_watcher_deletion.go:94.28,97.4 2 1
github.com/numtide/multigres-operator/pkg/testutil/resource_watcher_deletion.go:98.3,98.15 1 1
github.com/numtide/multigres-operator/pkg/testutil/resource_watcher_deletion.go:101.2,102.16 2 1
github.com/numtide/multigres-operator/pkg/testutil/resource_watcher_deletion.go:102.16,104.3 1 1
github.com/numtide/multigres-operator/pkg/testutil/resource_watcher_deletion.go:105.2,105.12 1 1
github.com/numtide/multigres-operator/pkg/testutil/resource_watcher_listener.go:19.63,22.6 2 1
github.com/numtide/multigres-operator/pkg/testutil/resource_watcher_listener.go:22.6,23.10 1 1
github.com/numtide/multigres-operator/pkg/testutil/resource_watcher_listener.go:24.28,30.41 3 1
github.com/numtide/multigres-operator/pkg/testutil/resource_watcher_listener.go:30.41,31.12 1 1
github.com/numtide/multigres-operator/pkg/testutil/resource_watcher_listener.go:32.23,32.23 0 1
github.com/numtide/multigres-operator/pkg/testutil/resource_watcher_listener.go:34.13,36.67 1 1
github.com/numtide/multigres-operator/pkg/testutil/resource_watcher_listener.go:39.4,39.18 1 1
github.com/numtide/multigres-operator/pkg/testutil/resource_watcher_listener.go:40.21,43.41 2 1
github.com/numtide/multigres-operator/pkg/testutil/resource_watcher_listener.go:43.41,45.5 1 1
github.com/numtide/multigres-operator/pkg/testutil/resource_watcher_listener.go:46.4,48.10 3 1
github.com/numtide/multigres-operator/pkg/testutil/resource_watcher_listener.go:55.81,67.9 3 1
github.com/numtide/multigres-operator/pkg/testutil/resource_watcher_listener.go:68.27,75.4 1 1
github.com/numtide/multigres-operator/pkg/testutil/resource_watcher_listener.go:76.10,77.59 1 1
github.com/numtide/multigres-operator/pkg/testutil/resource_watcher_match.go:46.74,49.24 2 1
github.com/numtide/multigres-operator/pkg/testutil/resource_watcher_match.go:49.24,51.3 1 1
github.com/numtide/multigres-operator/pkg/testutil/resource_watcher_match.go:55.2,56.31 2 1
github.com/numtide/multigres-operator/pkg/testutil/resource_watcher_match.go:56.31,58.52 2 1
github.com/numtide/multigres-operator/pkg/testutil/resource_watcher_match.go:58.52,60.4 1 1
github.com/numtide/multigres-operator/pkg/testutil/resource_watcher_match.go:62.2,62.29 1 1
github.com/numtide/multigres-operator/pkg/testutil/resource_watcher_match.go:62.29,64.3 1 1
github.com/numtide/multigres-operator/pkg/testutil/resource_watcher_match.go:67.2,78.31 3 1
github.com/numtide/multigres-operator/pkg/testutil/resource_watcher_match.go:78.31,79.71 1 1
github.com/numtide/multigres-operator/pkg/testutil/resource_watcher_match.go:79.71,81.4 1 1
github.com/numtide/multigres-operator/pkg/testutil/resource_watcher_match.go:84.2,84.12 1 1
github.com/numtide/multigres-operator/pkg/testutil/resource_watcher_match.go:92.9,99.13 4 1
github.com/numtide/multigres-operator/pkg/testutil/resource_watcher_match.go:99.13,101.3 1 1
github.com/numtide/multigres-operator/pkg/testutil/resource_watcher_match.go:102.2,102.16 1 1
github.com/numtide/multigres-operator/pkg/testutil/resource_watcher_match.go:102.16,105.16 2 1
github.com/numtide/multigres-operator/pkg/testutil/resource_watcher_match.go:105.16,107.4 1 1
github.com/numtide/multigres-operator/pkg/testutil/resource_watcher_match.go:108.3,108.90 1 1
github.com/numtide/multigres-operator/pkg/testutil/resource_watcher_match.go:112.2,119.44 4 1
github.com/numtide/multigres-operator/pkg/testutil/resource_watcher_match.go:119.44,121.23 1 1
github.com/numtide/multigres-operator/pkg/testutil/resource_watcher_match.go:121.23,123.4 1 1
github.com/numtide/multigres-operator/pkg/testutil/resource_watcher_match.go:126.3,127.17 2 1
github.com/numtide/multigres-operator/pkg/testutil/resource_watcher_match.go:127.17,130.4 2 1
github.com/numtide/multigres-operator/pkg/testutil/resource_watcher_match.go:133.3,138.16 3 1
github.com/numtide/multigres-operator/pkg/testutil/resource_watcher_match.go:138.16,140.4 1 1
github.com/numtide/multigres-operator/pkg/testutil/resource_watcher_match.go:141.3,143.15 2 1
github.com/numtide/multigres-operator/pkg/testutil/resource_watcher_match.go:146.2,147.16 2 1
github.com/numtide/multigres-operator/pkg/testutil/resource_watcher_match.go:147.16,149.47 1 1
github.com/numtide/multigres-operator/pkg/testutil/resource_watcher_match.go:149.47,150.22 1 1
github.com/numtide/multigres-operator/pkg/testutil/resource_watcher_match.go:150.22,156.5 1 1
github.com/numtide/multigres-operator/pkg/testutil/resource_watcher_match.go:157.4,157.87 1 1
github.com/numtide/multigres-operator/pkg/testutil/resource_watcher_match.go:160.3,160.62 1 1
github.com/numtide/multigres-operator/pkg/testutil/resource_watcher_match.go:166.2,166.12 1 1
github.com/numtide/multigres-operator/pkg/testutil/resource_watcher_match.go:186.27,189.6 2 1
github.com/numtide/multigres-operator/pkg/testutil/resource_watcher_match.go:189.6,190.10 1 1
github.com/numtide/multigres-operator/pkg/testutil/resource_watcher_match.go:191.27,192.11 1 1
github.com/numtide/multigres-operator/pkg/testutil/resource_watcher_match.go:192.11,195.5 1 1
github.com/numtide/multigres-operator/pkg/testutil/resource_watcher_match.go:197.4,197.22 1 1
github.com/numtide/multigres-operator/pkg/testutil/resource_watcher_match.go:197.22,200.5 1 1
github.com/numtide/multigres-operator/pkg/testutil/resource_watcher_match.go:203.43,204.36 1 1
github.com/numtide/multigres-operator/pkg/testutil/resource_watcher_match.go:204.36,207.5 1 1
github.com/numtide/multigres-operator/pkg/testutil/resource_watcher_match.go:219.27,224.32 3 1
github.com/numtide/multigres-operator/pkg/testutil/resource_watcher_match.go:224.32,225.48 1 1
github.com/numtide/multigres-operator/pkg/testutil/resource_watcher_match.go:225.48,230.4 4 1
github.com/numtide/multigres-operator/pkg/testutil/resource_watcher_match.go:232.2,241.44 5 1
github.com/numtide/multigres-operator/pkg/testutil/resource_watcher_match.go:241.44,242.48 1 1
github.com/numtide/multigres-operator/pkg/testutil/resource_watcher_match.go:242.48,245.4 2 1
github.com/numtide/multigres-operator/pkg/testutil/resource_watcher_match.go:246.3,246.15 1 1
github.com/numtide/multigres-operator/pkg/testutil/resource_watcher_match.go:249.2,250.16 2 1
github.com/numtide/multigres-operator/pkg/testutil/resource_watcher_match.go:250.16,252.3 1 1
github.com/numtide/multigres-operator/pkg/testutil/resource_watcher_match.go:253.2,253.17 1 1
github.com/numtide/multigres-operator/pkg/testutil/resource_watcher_match.go:268.3,270.26 1 1
github.com/numtide/multigres-operator/pkg/testutil/resource_watcher_match.go:270.26,273.4 2 1
github.com/numtide/multigres-operator/pkg/testutil/resource_watcher_match.go:274.40,277.4 2 1
github.com/numtide/multigres-operator/pkg/testutil/resource_watcher_match.go:278.29,281.4 2 1
github.com/numtide/multigres-operator/pkg/testutil/resource_watcher_match.go:283.2,283.16 1 1
github.com/numtide/multigres-operator/pkg/testutil/resource_watcher_match.go:283.16,285.3 1 1
github.com/numtide/multigres-operator/pkg/testutil/resource_watcher_match.go:293.3,299.50 3 1
github.com/numtide/multigres-operator/pkg/testutil/resource_watcher_match.go:299.50,301.3 1 1
github.com/numtide/multigres-operator/pkg/testutil/resource_watcher_match.go:303.2,304.16 2 1
github.com/numtide/multigres-operator/pkg/testutil/resource_watcher_match.go:304.16,307.3 2 1
github.com/numtide/multigres-operator/pkg/testutil/resource_watcher_match.go:309.2,312.29 2 1
